2018-09-26 07:54:58.291  INFO [WrapperSimpleAppMain] (io.mycat.cache.CacheService.createLayeredPool(CacheService.java:125)) - create layer cache pool TableID2DataNodeCache of type encache ,default cache size 10000 ,default expire seconds18000
2018-09-26 07:54:58.293  INFO [WrapperSimpleAppMain] (io.mycat.cache.DefaultLayedCachePool.createChildCache(DefaultLayedCachePool.java:80)) - create child Cache: TESTDB_ORDERS for layered cache TableID2DataNodeCache, size 50000, expire seconds 18000
2018-09-26 07:55:00.618  INFO [WrapperSimpleAppMain] (io.mycat.config.classloader.DynaClassLoader.<init>(DynaClassLoader.java:34)) - dyna class load from .\catlet,and auto check for class file modified every 60 seconds
2018-09-26 07:55:00.618  INFO [WrapperSimpleAppMain] (io.mycat.MycatServer.startup(MycatServer.java:266)) - ===============================================
2018-09-26 07:55:00.618  INFO [WrapperSimpleAppMain] (io.mycat.MycatServer.startup(MycatServer.java:267)) - MyCat is ready to startup ...
2018-09-26 07:55:00.618  INFO [WrapperSimpleAppMain] (io.mycat.MycatServer.startup(MycatServer.java:279)) - Startup processors ...,total processors:4,aio thread pool size:8    
 each process allocated socket buffer pool  bytes ,a page size:2097152  a page's chunk number(PageSize/ChunkSize) is:512  buffer page's number is:80
2018-09-26 07:55:00.618  INFO [WrapperSimpleAppMain] (io.mycat.MycatServer.startup(MycatServer.java:280)) - sysconfig params:SystemConfig [processorBufferLocalPercent=100, frontSocketSoRcvbuf=1048576, frontSocketSoSndbuf=4194304, backSocketSoRcvbuf=4194304, backSocketSoSndbuf=1048576, frontSocketNoDelay=1, backSocketNoDelay=1, maxStringLiteralLength=65535, frontWriteQueueSize=2048, bindIp=0.0.0.0, serverPort=8066, managerPort=9066, charset=utf8, processors=4, processorExecutor=8, timerExecutor=2, managerExecutor=2, idleTimeout=1800000, catletClassCheckSeconds=60, sqlExecuteTimeout=300, processorCheckPeriod=1000, dataNodeIdleCheckPeriod=300000, dataNodeHeartbeatPeriod=10000, clusterHeartbeatUser=_HEARTBEAT_USER_, clusterHeartbeatPass=_HEARTBEAT_PASS_, clusterHeartbeatPeriod=5000, clusterHeartbeatTimeout=10000, clusterHeartbeatRetry=10, txIsolation=3, parserCommentVersion=50148, sqlRecordCount=10, bufferPoolPageSize=2097152, bufferPoolChunkSize=4096, bufferPoolPageNumber=80, maxResultSet=524288, bigResultSizeSqlCount=10, bufferUsagePercent=80, flowControlRejectStrategy=0, clearBigSqLResultSetMapMs=600000, defaultMaxLimit=100, sequnceHandlerType=2, sqlInterceptor=io.mycat.server.interceptor.impl.DefaultSqlInterceptor, sqlInterceptorType=select, sqlInterceptorFile=D:\mycat/logs/sql.txt, mutiNodeLimitType=0, mutiNodePatchSize=100, defaultSqlParser=druidparser, usingAIO=0, packetHeaderSize=4, maxPacketSize=16777216, mycatNodeId=1]
2018-09-26 07:55:00.866  INFO [WrapperSimpleAppMain] (io.mycat.memory.MyCatMemory.<init>(MyCatMemory.java:53)) - useOffHeapForMerge = 1
2018-09-26 07:55:00.868  INFO [WrapperSimpleAppMain] (io.mycat.memory.MyCatMemory.<init>(MyCatMemory.java:54)) - memoryPageSize = 1m
2018-09-26 07:55:00.868  INFO [WrapperSimpleAppMain] (io.mycat.memory.MyCatMemory.<init>(MyCatMemory.java:55)) - spillsFileBufferSize = 1k
2018-09-26 07:55:00.868  INFO [WrapperSimpleAppMain] (io.mycat.memory.MyCatMemory.<init>(MyCatMemory.java:56)) - useStreamOutput = 0
2018-09-26 07:55:00.868  INFO [WrapperSimpleAppMain] (io.mycat.memory.MyCatMemory.<init>(MyCatMemory.java:57)) - systemReserveMemorySize = 384m
2018-09-26 07:55:01.103  INFO [WrapperSimpleAppMain] (io.mycat.memory.MyCatMemory.<init>(MyCatMemory.java:58)) - totalNetWorkBufferSize = 160MB
2018-09-26 07:55:01.104  INFO [WrapperSimpleAppMain] (io.mycat.memory.MyCatMemory.<init>(MyCatMemory.java:59)) - dataNodeSortedTempDir = D:\mycat
2018-09-26 07:55:01.110  INFO [WrapperSimpleAppMain] (io.mycat.memory.MyCatMemory.<init>(MyCatMemory.java:122)) - mycat.memory.offHeap.size: 1209MB
2018-09-26 07:55:01.366  INFO [WrapperSimpleAppMain] (io.mycat.MycatServer.startup(MycatServer.java:381)) - using nio network handler 
2018-09-26 07:55:02.865  INFO [WrapperSimpleAppMain] (io.mycat.MycatServer.startup(MycatServer.java:397)) - $_MyCatManager is started and listening on 9066
2018-09-26 07:55:02.865  INFO [WrapperSimpleAppMain] (io.mycat.MycatServer.startup(MycatServer.java:401)) - $_MyCatServer is started and listening on 8066
2018-09-26 07:55:02.866  INFO [WrapperSimpleAppMain] (io.mycat.MycatServer.startup(MycatServer.java:403)) - ===============================================
2018-09-26 07:55:02.866  INFO [WrapperSimpleAppMain] (io.mycat.MycatServer.startup(MycatServer.java:407)) - Initialize dataHost ...
2018-09-26 07:55:02.866  INFO [WrapperSimpleAppMain] (io.mycat.backend.datasource.PhysicalDBPool.initSource(PhysicalDBPool.java:294)) - init backend myqsl source ,create connections total 10 for hostM1 index :0
2018-09-26 07:55:02.887  INFO [WrapperSimpleAppMain] (io.mycat.backend.datasource.PhysicalDatasource.getConnection(PhysicalDatasource.java:413)) - no ilde connection in pool,create new connection for hostM1 of schema auth_control2
2018-09-26 07:55:02.888  INFO [WrapperSimpleAppMain] (io.mycat.backend.datasource.PhysicalDatasource.getConnection(PhysicalDatasource.java:413)) - no ilde connection in pool,create new connection for hostM1 of schema auth_control
2018-09-26 07:55:02.888  INFO [WrapperSimpleAppMain] (io.mycat.backend.datasource.PhysicalDatasource.getConnection(PhysicalDatasource.java:413)) - no ilde connection in pool,create new connection for hostM1 of schema auth_control2
2018-09-26 07:55:02.888  INFO [WrapperSimpleAppMain] (io.mycat.backend.datasource.PhysicalDatasource.getConnection(PhysicalDatasource.java:413)) - no ilde connection in pool,create new connection for hostM1 of schema auth_control
2018-09-26 07:55:02.888  INFO [WrapperSimpleAppMain] (io.mycat.backend.datasource.PhysicalDatasource.getConnection(PhysicalDatasource.java:413)) - no ilde connection in pool,create new connection for hostM1 of schema auth_control2
2018-09-26 07:55:02.889  INFO [WrapperSimpleAppMain] (io.mycat.backend.datasource.PhysicalDatasource.getConnection(PhysicalDatasource.java:413)) - no ilde connection in pool,create new connection for hostM1 of schema auth_control
2018-09-26 07:55:02.889  INFO [WrapperSimpleAppMain] (io.mycat.backend.datasource.PhysicalDatasource.getConnection(PhysicalDatasource.java:413)) - no ilde connection in pool,create new connection for hostM1 of schema auth_control2
2018-09-26 07:55:02.890  INFO [WrapperSimpleAppMain] (io.mycat.backend.datasource.PhysicalDatasource.getConnection(PhysicalDatasource.java:413)) - no ilde connection in pool,create new connection for hostM1 of schema auth_control
2018-09-26 07:55:02.890  INFO [WrapperSimpleAppMain] (io.mycat.backend.datasource.PhysicalDatasource.getConnection(PhysicalDatasource.java:413)) - no ilde connection in pool,create new connection for hostM1 of schema auth_control2
2018-09-26 07:55:02.890  INFO [WrapperSimpleAppMain] (io.mycat.backend.datasource.PhysicalDatasource.getConnection(PhysicalDatasource.java:413)) - no ilde connection in pool,create new connection for hostM1 of schema auth_control
2018-09-26 07:55:04.066  INFO [$_NIOREACTOR-2-RW] (io.mycat.backend.mysql.nio.handler.GetConnectionHandler.connectionAcquired(GetConnectionHandler.java:67)) - connected successfuly MySQLConnection [id=6, lastTime=1537919704066, user=root, schema=auth_control2, old shema=auth_control2, borrowed=true, fromSlaveDB=false, threadId=8, charset=gbk, txIsolation=3, autocommit=true, attachment=null, respHandler=null, host=localhost, port=3306, statusSync=null, writeQueue=0, modifiedSQLExecuted=false]
2018-09-26 07:55:04.067  INFO [$_NIOREACTOR-2-RW] (io.mycat.backend.mysql.nio.handler.GetConnectionHandler.connectionAcquired(GetConnectionHandler.java:67)) - connected successfuly MySQLConnection [id=10, lastTime=1537919704066, user=root, schema=auth_control2, old shema=auth_control2, borrowed=true, fromSlaveDB=false, threadId=10, charset=gbk, txIsolation=3, autocommit=true, attachment=null, respHandler=null, host=localhost, port=3306, statusSync=null, writeQueue=0, modifiedSQLExecuted=false]
2018-09-26 07:55:04.067  INFO [$_NIOREACTOR-2-RW] (io.mycat.backend.mysql.nio.handler.GetConnectionHandler.connectionAcquired(GetConnectionHandler.java:67)) - connected successfuly MySQLConnection [id=2, lastTime=1537919704067, user=root, schema=auth_control2, old shema=auth_control2, borrowed=true, fromSlaveDB=false, threadId=4, charset=gbk, txIsolation=3, autocommit=true, attachment=null, respHandler=null, host=localhost, port=3306, statusSync=null, writeQueue=0, modifiedSQLExecuted=false]
2018-09-26 07:55:04.067  INFO [$_NIOREACTOR-1-RW] (io.mycat.backend.mysql.nio.handler.GetConnectionHandler.connectionAcquired(GetConnectionHandler.java:67)) - connected successfuly MySQLConnection [id=9, lastTime=1537919704067, user=root, schema=auth_control, old shema=auth_control, borrowed=true, fromSlaveDB=false, threadId=9, charset=gbk, txIsolation=3, autocommit=true, attachment=null, respHandler=null, host=localhost, port=3306, statusSync=null, writeQueue=0, modifiedSQLExecuted=false]
2018-09-26 07:55:04.067  INFO [$_NIOREACTOR-1-RW] (io.mycat.backend.mysql.nio.handler.GetConnectionHandler.connectionAcquired(GetConnectionHandler.java:67)) - connected successfuly MySQLConnection [id=5, lastTime=1537919704067, user=root, schema=auth_control, old shema=auth_control, borrowed=true, fromSlaveDB=false, threadId=1, charset=gbk, txIsolation=3, autocommit=true, attachment=null, respHandler=null, host=localhost, port=3306, statusSync=null, writeQueue=0, modifiedSQLExecuted=false]
2018-09-26 07:55:04.067  INFO [$_NIOREACTOR-1-RW] (io.mycat.backend.mysql.nio.handler.GetConnectionHandler.connectionAcquired(GetConnectionHandler.java:67)) - connected successfuly MySQLConnection [id=1, lastTime=1537919704067, user=root, schema=auth_control, old shema=auth_control, borrowed=true, fromSlaveDB=false, threadId=3, charset=gbk, txIsolation=3, autocommit=true, attachment=null, respHandler=null, host=localhost, port=3306, statusSync=null, writeQueue=0, modifiedSQLExecuted=false]
2018-09-26 07:55:04.067  INFO [$_NIOREACTOR-3-RW] (io.mycat.backend.mysql.nio.handler.GetConnectionHandler.connectionAcquired(GetConnectionHandler.java:67)) - connected successfuly MySQLConnection [id=3, lastTime=1537919704067, user=root, schema=auth_control2, old shema=auth_control2, borrowed=true, fromSlaveDB=false, threadId=5, charset=gbk, txIsolation=3, autocommit=true, attachment=null, respHandler=null, host=localhost, port=3306, statusSync=null, writeQueue=0, modifiedSQLExecuted=false]
2018-09-26 07:55:04.067  INFO [$_NIOREACTOR-0-RW] (io.mycat.backend.mysql.nio.handler.GetConnectionHandler.connectionAcquired(GetConnectionHandler.java:67)) - connected successfuly MySQLConnection [id=8, lastTime=1537919704067, user=root, schema=auth_control2, old shema=auth_control2, borrowed=true, fromSlaveDB=false, threadId=6, charset=gbk, txIsolation=3, autocommit=true, attachment=null, respHandler=null, host=localhost, port=3306, statusSync=null, writeQueue=0, modifiedSQLExecuted=false]
2018-09-26 07:55:04.067  INFO [$_NIOREACTOR-0-RW] (io.mycat.backend.mysql.nio.handler.GetConnectionHandler.connectionAcquired(GetConnectionHandler.java:67)) - connected successfuly MySQLConnection [id=4, lastTime=1537919704067, user=root, schema=auth_control, old shema=auth_control, borrowed=true, fromSlaveDB=false, threadId=2, charset=gbk, txIsolation=3, autocommit=true, attachment=null, respHandler=null, host=localhost, port=3306, statusSync=null, writeQueue=0, modifiedSQLExecuted=false]
2018-09-26 07:55:04.068  INFO [$_NIOREACTOR-3-RW] (io.mycat.backend.mysql.nio.handler.GetConnectionHandler.connectionAcquired(GetConnectionHandler.java:67)) - connected successfuly MySQLConnection [id=7, lastTime=1537919704068, user=root, schema=auth_control, old shema=auth_control, borrowed=true, fromSlaveDB=false, threadId=7, charset=gbk, txIsolation=3, autocommit=true, attachment=null, respHandler=null, host=localhost, port=3306, statusSync=null, writeQueue=0, modifiedSQLExecuted=false]
2018-09-26 07:55:04.091  INFO [WrapperSimpleAppMain] (io.mycat.backend.datasource.PhysicalDBPool.initSource(PhysicalDBPool.java:319)) - init result :finished 10 success 10 target count:10
2018-09-26 07:55:04.091  INFO [WrapperSimpleAppMain] (io.mycat.backend.datasource.PhysicalDBPool.init(PhysicalDBPool.java:265)) - localhost1 index:0 init success
2018-09-26 08:10:04.295  INFO [Timer1] (io.mycat.backend.datasource.PhysicalDatasource.createByIdleLitte(PhysicalDatasource.java:299)) - create connections ,because idle connection not enough ,cur is 6, minCon is 10 for hostM1
2018-09-26 08:10:04.358  INFO [$_NIOREACTOR-3-RW] (io.mycat.backend.mysql.nio.handler.NewConnectionRespHandler.connectionAcquired(NewConnectionRespHandler.java:45)) - connectionAcquired MySQLConnection [id=11, lastTime=1537920604342, user=root, schema=auth_control2, old shema=auth_control2, borrowed=false, fromSlaveDB=false, threadId=11, charset=gbk, txIsolation=3, autocommit=true, attachment=null, respHandler=null, host=localhost, port=3306, statusSync=null, writeQueue=0, modifiedSQLExecuted=false]
2018-09-26 08:12:57.550  INFO [$_NIOREACTOR-0-RW] (io.mycat.net.handler.FrontendAuthenticator.success(FrontendAuthenticator.java:194)) - ServerConnection [id=1, schema=null, host=0:0:0:0:0:0:0:1, user=root,txIsolation=3, autocommit=true, schema=null]'root' login success
2018-09-26 08:12:58.871  INFO [$_NIOREACTOR-1-RW] (io.mycat.net.handler.FrontendAuthenticator.success(FrontendAuthenticator.java:194)) - ServerConnection [id=2, schema=null, host=0:0:0:0:0:0:0:1, user=root,txIsolation=3, autocommit=true, schema=null]'root' login success
2018-09-26 08:40:04.327  INFO [Timer1] (io.mycat.backend.datasource.PhysicalDatasource.createByIdleLitte(PhysicalDatasource.java:299)) - create connections ,because idle connection not enough ,cur is 6, minCon is 10 for hostM1
2018-09-26 08:40:04.331  INFO [$_NIOREACTOR-2-RW] (io.mycat.backend.mysql.nio.handler.NewConnectionRespHandler.connectionAcquired(NewConnectionRespHandler.java:45)) - connectionAcquired MySQLConnection [id=12, lastTime=1537922404319, user=root, schema=auth_control2, old shema=auth_control2, borrowed=false, fromSlaveDB=false, threadId=19, charset=gbk, txIsolation=3, autocommit=true, attachment=null, respHandler=null, host=localhost, port=3306, statusSync=null, writeQueue=0, modifiedSQLExecuted=false]
2018-09-26 08:42:58.329  INFO [Timer0] (io.mycat.net.AbstractConnection.idleCheck(AbstractConnection.java:521)) - ServerConnection [id=1, schema=null, host=0:0:0:0:0:0:0:1, user=root,txIsolation=3, autocommit=true, schema=null] idle timeout
2018-09-26 08:42:58.330  INFO [Timer0] (io.mycat.net.AbstractConnection.close(AbstractConnection.java:508)) - close connection,reason: idle  ,ServerConnection [id=1, schema=null, host=0:0:0:0:0:0:0:1, user=root,txIsolation=3, autocommit=true, schema=null]
2018-09-26 08:42:59.329  INFO [Timer0] (io.mycat.net.AbstractConnection.idleCheck(AbstractConnection.java:521)) - ServerConnection [id=2, schema=auth, host=0:0:0:0:0:0:0:1, user=root,txIsolation=3, autocommit=true, schema=auth] idle timeout
2018-09-26 08:42:59.329  INFO [Timer0] (io.mycat.net.AbstractConnection.close(AbstractConnection.java:508)) - close connection,reason: idle  ,ServerConnection [id=2, schema=auth, host=0:0:0:0:0:0:0:1, user=root,txIsolation=3, autocommit=true, schema=auth]
